[INFO] 16:42:58:900 GAMEBOY/(8890:8890): GameBoy se conectó exitosamente al proceso Broker.
[INFO] 16:42:58:940 GAMEBOY/(8894:8894): GameBoy se conectó exitosamente al proceso Broker.
[INFO] 16:42:58:948 GAMEBOY/(8897:8897): GameBoy se conectó exitosamente al proceso Broker.
[INFO] 16:42:58:956 GAMEBOY/(8900:8900): GameBoy se conectó exitosamente al proceso Broker.
[INFO] 16:42:58:958 GAMEBOY/(8903:8903): GameBoy se suscribió exitosamente a la cola NEW_POKEMON.
[INFO] 16:42:58:988 GAMEBOY/(8903:8903): Llegada de un nuevo mensaje a la cola de mensajes NEW_POKEMON.
[INFO] 16:43:08:980 GAMEBOY/(8910:8910): GameBoy se conectó exitosamente al proceso Broker.
[INFO] 16:44:49:252 GAMEBOY/(9006:9006): GameBoy se conectó exitosamente al proceso Broker.
[INFO] 16:44:49:286 GAMEBOY/(9009:9009): GameBoy se conectó exitosamente al proceso Broker.
[INFO] 16:44:49:308 GAMEBOY/(9012:9012): GameBoy se conectó exitosamente al proceso Broker.
[INFO] 16:44:49:335 GAMEBOY/(9015:9015): GameBoy se conectó exitosamente al proceso Broker.
[INFO] 16:44:49:355 GAMEBOY/(9018:9018): GameBoy se suscribió exitosamente a la cola NEW_POKEMON.
[INFO] 16:44:49:360 GAMEBOY/(9018:9018): Llegada de un nuevo mensaje a la cola de mensajes NEW_POKEMON.
[INFO] 16:44:59:365 GAMEBOY/(9023:9023): GameBoy se conectó exitosamente al proceso Broker.
[INFO] 17:37:23:758 GAMEBOY/(7629:7629): GameBoy se conectó exitosamente al proceso Broker.
[INFO] 17:37:26:541 GAMEBOY/(7638:7638): GameBoy se suscribió exitosamente a la cola APPEARED_POKEMON.
[INFO] 17:40:37:724 GAMEBOY/(7715:7715): GameBoy se conectó exitosamente al proceso Broker.
[INFO] 17:40:41:38 GAMEBOY/(7718:7718): GameBoy se suscribió exitosamente a la cola APPEARED_POKEMON.
[INFO] 17:44:47:459 GAMEBOY/(7910:7910): GameBoy se conectó exitosamente al proceso Broker.
[INFO] 17:44:50:179 GAMEBOY/(7918:7918): GameBoy se suscribió exitosamente a la cola APPEARED_POKEMON.
[INFO] 17:48:58:685 GAMEBOY/(8039:8039): GameBoy se conectó exitosamente al proceso Broker.
[INFO] 17:49:01:119 GAMEBOY/(8042:8042): GameBoy se suscribió exitosamente a la cola APPEARED_POKEMON.
[INFO] 17:52:14:165 GAMEBOY/(8131:8131): GameBoy se conectó exitosamente al proceso Broker.
[INFO] 17:52:16:279 GAMEBOY/(8134:8134): GameBoy se suscribió exitosamente a la cola APPEARED_POKEMON.
[INFO] 17:52:16:284 GAMEBOY/(8134:8134): Llegada de un nuevo mensaje a la cola de mensajes APPEARED_POKEMON.
[INFO] 18:21:55:314 GAMEBOY/(9094:9094): GameBoy se conectó exitosamente al proceso Team.
[INFO] 18:21:55:323 GAMEBOY/(9096:9096): GameBoy se conectó exitosamente al proceso Team.
[INFO] 18:21:55:349 GAMEBOY/(9097:9097): GameBoy se conectó exitosamente al proceso Team.
[INFO] 18:21:55:939 GAMEBOY/(9099:9099): GameBoy se conectó exitosamente al proceso Team.
[INFO] 18:21:56:475 GAMEBOY/(9101:9101): GameBoy se conectó exitosamente al proceso Team.
[INFO] 18:26:04:782 GAMEBOY/(9287:9287): GameBoy se conectó exitosamente al proceso Broker.
[INFO] 18:26:04:787 GAMEBOY/(9290:9290): GameBoy se conectó exitosamente al proceso Broker.
[INFO] 18:26:04:789 GAMEBOY/(9293:9293): GameBoy se conectó exitosamente al proceso Broker.
[INFO] 18:26:04:790 GAMEBOY/(9296:9296): GameBoy se conectó exitosamente al proceso Broker.
[INFO] 18:26:04:792 GAMEBOY/(9299:9299): GameBoy se suscribió exitosamente a la cola NEW_POKEMON.
[INFO] 18:26:04:794 GAMEBOY/(9299:9299): Llegada de un nuevo mensaje a la cola de mensajes NEW_POKEMON.
[INFO] 18:26:14:796 GAMEBOY/(9305:9305): GameBoy se conectó exitosamente al proceso Broker.
[INFO] 18:27:24:685 GAMEBOY/(9319:9319): GameBoy se conectó exitosamente al proceso Broker.
[INFO] 18:27:24:686 GAMEBOY/(9322:9322): GameBoy se conectó exitosamente al proceso Broker.
[INFO] 18:27:24:688 GAMEBOY/(9325:9325): GameBoy se conectó exitosamente al proceso Broker.
[INFO] 18:27:24:689 GAMEBOY/(9328:9328): GameBoy se conectó exitosamente al proceso Broker.
[INFO] 18:27:24:691 GAMEBOY/(9331:9331): GameBoy se suscribió exitosamente a la cola NEW_POKEMON.
[INFO] 18:27:24:692 GAMEBOY/(9331:9331): Llegada de un nuevo mensaje a la cola de mensajes NEW_POKEMON.
[INFO] 18:27:34:693 GAMEBOY/(9337:9337): GameBoy se conectó exitosamente al proceso Broker.
[INFO] 18:28:05:681 GAMEBOY/(9341:9341): GameBoy se conectó exitosamente al proceso Broker.
[INFO] 19:05:54:43 GAMEBOY/(10433:10433): GameBoy se conectó exitosamente al proceso Team.
[INFO] 19:05:54:55 GAMEBOY/(10435:10435): GameBoy se conectó exitosamente al proceso Team.
[INFO] 19:05:54:59 GAMEBOY/(10436:10436): GameBoy se conectó exitosamente al proceso Team.
[INFO] 19:05:54:953 GAMEBOY/(10438:10438): GameBoy se conectó exitosamente al proceso Team.
[INFO] 19:05:55:897 GAMEBOY/(10440:10440): GameBoy se conectó exitosamente al proceso Team.
[INFO] 19:07:24:287 GAMEBOY/(10495:10495): GameBoy se conectó exitosamente al proceso Team.
[INFO] 19:07:24:290 GAMEBOY/(10497:10497): GameBoy se conectó exitosamente al proceso Team.
[INFO] 19:07:24:302 GAMEBOY/(10498:10498): GameBoy se conectó exitosamente al proceso Team.
[INFO] 19:07:24:955 GAMEBOY/(10500:10500): GameBoy se conectó exitosamente al proceso Team.
[INFO] 19:07:25:748 GAMEBOY/(10502:10502): GameBoy se conectó exitosamente al proceso Team.
[INFO] 19:09:28:56 GAMEBOY/(10614:10614): GameBoy se conectó exitosamente al proceso Team.
[INFO] 19:09:28:76 GAMEBOY/(10616:10616): GameBoy se conectó exitosamente al proceso Team.
[INFO] 19:09:28:89 GAMEBOY/(10617:10617): GameBoy se conectó exitosamente al proceso Team.
[INFO] 19:09:28:603 GAMEBOY/(10619:10619): GameBoy se conectó exitosamente al proceso Team.
[INFO] 19:09:29:128 GAMEBOY/(10621:10621): GameBoy se conectó exitosamente al proceso Team.
[INFO] 19:12:45:340 GAMEBOY/(10755:10755): GameBoy se conectó exitosamente al proceso Team.
[INFO] 19:12:45:344 GAMEBOY/(10757:10757): GameBoy se conectó exitosamente al proceso Team.
[INFO] 19:12:45:355 GAMEBOY/(10758:10758): GameBoy se conectó exitosamente al proceso Team.
[INFO] 19:12:45:944 GAMEBOY/(10760:10760): GameBoy se conectó exitosamente al proceso Team.
[INFO] 19:12:46:451 GAMEBOY/(10762:10762): GameBoy se conectó exitosamente al proceso Team.
[INFO] 19:16:49:485 GAMEBOY/(10908:10908): GameBoy se conectó exitosamente al proceso Team.
[INFO] 19:16:49:491 GAMEBOY/(10910:10910): GameBoy se conectó exitosamente al proceso Team.
[INFO] 19:16:49:502 GAMEBOY/(10911:10911): GameBoy se conectó exitosamente al proceso Team.
[INFO] 19:16:50:159 GAMEBOY/(10913:10913): GameBoy se conectó exitosamente al proceso Team.
[INFO] 19:16:50:747 GAMEBOY/(10915:10915): GameBoy se conectó exitosamente al proceso Team.
[INFO] 19:19:26:212 GAMEBOY/(11145:11145): GameBoy se conectó exitosamente al proceso Team.
[INFO] 19:19:26:214 GAMEBOY/(11147:11147): GameBoy se conectó exitosamente al proceso Team.
[INFO] 19:19:26:220 GAMEBOY/(11148:11148): GameBoy se conectó exitosamente al proceso Team.
[INFO] 19:19:26:760 GAMEBOY/(11150:11150): GameBoy se conectó exitosamente al proceso Team.
[INFO] 19:19:27:323 GAMEBOY/(11152:11152): GameBoy se conectó exitosamente al proceso Team.
[INFO] 19:20:57:361 GAMEBOY/(11315:11315): GameBoy se conectó exitosamente al proceso Team.
[INFO] 19:20:57:376 GAMEBOY/(11317:11317): GameBoy se conectó exitosamente al proceso Team.
[INFO] 19:20:57:378 GAMEBOY/(11318:11318): GameBoy se conectó exitosamente al proceso Team.
[INFO] 19:20:58:44 GAMEBOY/(11320:11320): GameBoy se conectó exitosamente al proceso Team.
[INFO] 19:20:58:599 GAMEBOY/(11322:11322): GameBoy se conectó exitosamente al proceso Team.
[INFO] 19:23:15:873 GAMEBOY/(11379:11379): GameBoy se conectó exitosamente al proceso Team.
[INFO] 19:23:15:879 GAMEBOY/(11381:11381): GameBoy se conectó exitosamente al proceso Team.
[INFO] 19:23:15:886 GAMEBOY/(11382:11382): GameBoy se conectó exitosamente al proceso Team.
[INFO] 19:23:16:547 GAMEBOY/(11384:11384): GameBoy se conectó exitosamente al proceso Team.
[INFO] 19:23:17:161 GAMEBOY/(11386:11386): GameBoy se conectó exitosamente al proceso Team.
[INFO] 19:25:10:287 GAMEBOY/(11470:11470): GameBoy se conectó exitosamente al proceso Team.
[INFO] 19:25:10:288 GAMEBOY/(11472:11472): GameBoy se conectó exitosamente al proceso Team.
[INFO] 19:25:10:290 GAMEBOY/(11475:11475): GameBoy se conectó exitosamente al proceso Team.
[INFO] 19:25:10:292 GAMEBOY/(11477:11477): GameBoy se conectó exitosamente al proceso Team.
[INFO] 19:25:10:294 GAMEBOY/(11479:11479): GameBoy se conectó exitosamente al proceso Team.
[INFO] 19:29:01:292 GAMEBOY/(11605:11605): GameBoy se conectó exitosamente al proceso Team.
[INFO] 19:29:01:317 GAMEBOY/(11607:11607): GameBoy se conectó exitosamente al proceso Team.
[INFO] 19:29:01:323 GAMEBOY/(11608:11608): GameBoy se conectó exitosamente al proceso Team.
[INFO] 19:29:01:359 GAMEBOY/(11609:11609): GameBoy se conectó exitosamente al proceso Team.
[INFO] 19:29:01:367 GAMEBOY/(11610:11610): GameBoy se conectó exitosamente al proceso Team.
[INFO] 19:36:12:950 GAMEBOY/(11860:11860): GameBoy se conectó exitosamente al proceso Team.
[INFO] 19:36:12:966 GAMEBOY/(11862:11862): GameBoy se conectó exitosamente al proceso Team.
[INFO] 19:36:12:989 GAMEBOY/(11863:11863): GameBoy se conectó exitosamente al proceso Team.
[INFO] 19:36:12:996 GAMEBOY/(11864:11864): GameBoy se conectó exitosamente al proceso Team.
[INFO] 19:36:13:23 GAMEBOY/(11865:11865): GameBoy se conectó exitosamente al proceso Team.
[INFO] 19:41:22:596 GAMEBOY/(12085:12085): GameBoy se conectó exitosamente al proceso Team.
[INFO] 19:41:22:608 GAMEBOY/(12087:12087): GameBoy se conectó exitosamente al proceso Team.
[INFO] 19:41:22:616 GAMEBOY/(12088:12088): GameBoy se conectó exitosamente al proceso Team.
[INFO] 19:41:22:650 GAMEBOY/(12089:12089): GameBoy se conectó exitosamente al proceso Team.
[INFO] 19:41:22:663 GAMEBOY/(12090:12090): GameBoy se conectó exitosamente al proceso Team.
[INFO] 19:45:21:528 GAMEBOY/(12286:12286): GameBoy se conectó exitosamente al proceso Team.
[INFO] 19:45:21:538 GAMEBOY/(12289:12289): GameBoy se conectó exitosamente al proceso Team.
[INFO] 19:45:21:560 GAMEBOY/(12291:12291): GameBoy se conectó exitosamente al proceso Team.
[INFO] 19:45:21:575 GAMEBOY/(12292:12292): GameBoy se conectó exitosamente al proceso Team.
[INFO] 19:45:21:603 GAMEBOY/(12293:12293): GameBoy se conectó exitosamente al proceso Team.
[INFO] 19:53:49:643 GAMEBOY/(12604:12604): GameBoy se conectó exitosamente al proceso Team.
[INFO] 19:53:49:646 GAMEBOY/(12606:12606): GameBoy se conectó exitosamente al proceso Team.
[INFO] 19:53:49:650 GAMEBOY/(12609:12609): GameBoy se conectó exitosamente al proceso Team.
[INFO] 19:53:49:651 GAMEBOY/(12611:12611): GameBoy se conectó exitosamente al proceso Team.
[INFO] 19:53:49:652 GAMEBOY/(12613:12613): GameBoy se conectó exitosamente al proceso Team.
[INFO] 20:00:29:572 GAMEBOY/(12801:12801): GameBoy se conectó exitosamente al proceso Team.
[INFO] 20:00:29:576 GAMEBOY/(12803:12803): GameBoy se conectó exitosamente al proceso Team.
[INFO] 20:00:29:578 GAMEBOY/(12806:12806): GameBoy se conectó exitosamente al proceso Team.
[INFO] 20:00:29:579 GAMEBOY/(12808:12808): GameBoy se conectó exitosamente al proceso Team.
[INFO] 20:00:29:580 GAMEBOY/(12810:12810): GameBoy se conectó exitosamente al proceso Team.
